

1/13 Sayfa
P01055kg35,58 ₺177,88 ₺4BD.711,50 ₺
P15055kg51,88 ₺259,38 ₺4BD.1.037,52 ₺
P12055kg60,49 ₺302,44 ₺4BD.1.209,78 ₺
P08055kg47,94 ₺239,68 ₺4BD.958,71 ₺
P08011kg82,05 ₺82,05 ₺12Şişe984,61 ₺
P10055kg47,63 ₺238,16 ₺4BD.952,65 ₺
P0605P5kg33,93 ₺169,66 ₺4BD.678,63 ₺
P0605B5kg33,93 ₺169,66 ₺1BD.169,66 ₺
P0605M5kg33,93 ₺169,66 ₺4BD.678,63 ₺
P0605K5kg39,40 ₺197,02 ₺4BD.788,08 ₺
P0601K1kg51,66 ₺51,66 ₺12BD.619,87 ₺
20,00%
?
PROMY Professional YAĞ ÇÖZÜCÜ
Yanmış Ağır Yağ ve Kir Sökücü
PROMY Professional ÇELİK PARLATICI
Çelik Temizleme ve Parlatma Maddesi
1
PROMY Professional KİREÇ ve PAS SÖKÜCÜ
Genel Amaçlı Kireç ve Pas Sökücü
PROMY Professional SIVI BULAŞIK DETERJANI
EXTRA
Elde Sıvı Bulaşık Yıkama Maddesi 
Resim
PROMY Professional RİNSE
Sanayi Tip Bulaşık Makina Parlatıcısı
(Orta ve Sert Sular İçin)
P012020
P122020
P102020
kg630,60 ₺1BD.630,60 ₺
P1520
Liste No:
?
PROMY Professional MATİK
Sanayi Tip Bulaşık Makinası Deterjanı 
(Orta ve Sert Sular İçin)
2024/002
Mutfak Hijyen Ürünleri
Bidon BR.
Fiyat
Ambalaj
Ürün 
Kodu
Ürün 
Görseli
Malın Cinsi
Açıklama
KDV
Oranı
Tutar
KG BR.
Fiyat
Resim
PROMY KÖPÜK SABUN APARATI
Kartuşlu Köpük Sabun Aparatı
Kişisel Hijyen Ürünleri
Ürün 
Kodu
Ambalaj
Bidon BR.
Fiyat
Tutar
?
?
PROMY Professional SIVI EL SABUNU
NATURAL
Sıvı El Yıkama Maddesi BEYAZ (Hassas Ciltler)
PROMY Professional SIVI EL SABUNU
SOFT
Sıvı El Yıkama Maddesi MAVİ (Hassas Ciltler)
PROMY Professional KÖPÜK EL SABUNU
FOAM
HİJYENİK Köpük El Sabunu (Hassas Ciltler)
Ürün 
Görseli
Malın Cinsi
Açıklama
KDV
Oranı
Resim
PROMY Professional SIVI EL SABUNU
FLOWERS
Sıvı El Yıkama Maddesi PEMBE (Hassas Ciltler)
Koli İçi
2.350,00 ₺
20,00%
BD.
BD.
BD.
DSA1 Adet235,00 ₺
kg
kg
kg2029,44 ₺588,82 ₺
P2105
P2101
5
P0620P
P0620B
P0620M
P0620K
20kg29,44 ₺
20kg34,79 ₺
588,82 ₺1588,82 ₺
695,74 ₺1695,74 ₺
235,00 ₺
Koli İçi
1BD.
4BD.
10
1588,82 ₺
31,53 ₺
FİYATLARIMIZA K.D.V. DAHİL DEĞİLDİR. 
  Ürün Fiyat Listesi
Adet
1.221,41 ₺
278,27 ₺
20kg46,17 ₺923,30 ₺1BD.923,30 ₺
kg55,22 ₺1.104,49 ₺1BD.1.104,49 ₺
P082020kg43,12 ₺862,43 ₺1BD.862,43 ₺
kg42,83 ₺856,52 ₺1BD.856,52 ₺
20kg29,44 ₺588,82 ₺1588,82 ₺BD.
244,28 ₺
278,27 ₺
KG BR.
Fiyat
1.113,07 ₺
1.221,41 ₺

2/13 Sayfa
P0205YP5kg33,78 ₺168,88 ₺4BD.675,53 ₺
P0205YM5kg33,41 ₺167,05 ₺4BD.668,22 ₺
P0205P5kg27,78 ₺138,90 ₺4BD.555,58 ₺
P0205M5kg25,77 ₺128,83 ₺4BD.515,31 ₺
P0205B5kg20,50 ₺102,49 ₺4BD.409,96 ₺
P18055kg51,79 ₺258,96 ₺4BD.1.035,84 ₺
P44055kg65,53 ₺327,65 ₺4BD.1.310,60 ₺
P44750,75L93,54 ₺70,15 ₺12Şişe841,84 ₺
P322020kg77,19 ₺1.543,84 ₺1BD.1.543,84 ₺
P32055kg82,81 ₺414,05 ₺4BD.1.656,21 ₺
P32750,75ml103,79 ₺77,85 ₺15BD.1.167,68 ₺
P0220S20kg37,94 ₺758,82 ₺1BD.758,82 ₺
P0205S5kg42,63 ₺213,16 ₺4BD.852,65 ₺
P0201S0,75ml57,75 ₺43,31 ₺15Şişe649,64 ₺
P092020kg23,47 ₺469,32 ₺1BD.469,32 ₺
P172020kg45,17 ₺903,32 ₺1BD.903,32 ₺
P17055kg50,03 ₺250,14 ₺4
BD.1.000,56 ₺
  Ürün Fiyat Listesi
Genel Temizlik Hijyen Ürünleri
Tutar
KDV
Oranı
Ürün 
Görseli
?
PROMY Professional FRESH (KIVAMLI)
PEMBE
Yoğun Parfümlü Yüzey Temizleyici FRESH Kokulu
Liste No:
2024/002
Malın Cinsi
Açıklama
Ürün 
Kodu
Ambalaj
P0220YP20kg29,29 ₺585,79 ₺1BD.585,79 ₺
Bidon BR.
Fiyat
Koli İçi
kg28,61 ₺572,20 ₺1BD.572,20 ₺
P0220P20kg23,43 ₺468,61 ₺1
20,00%
P0220YM20
PROMY PROMET EKSTRA BANYO TEMİZLEYİCİ 
Yoğun Parfümlü Banyo ve Armatör Temizleyici
PROMY GENEL YÜZEY TEMİZLEYİCİ
LAVANTA
 Parfümlü Yüzey Temizleyici LAVANTA Kokulu
PROMY GENEL YÜZEY TEMİZLEYİCİ
BEYAZ SABUN KOKULU
 Parfümlü Yüzey Temizleyici BEYAZ SABUN Kokulu
FİYATLARIMIZA K.D.V. DAHİL DEĞİLDİR. 
?
PROMY Professional FRESH (KIVAMLI)
LAVANTA
Yoğun Parfümlü Yüzey Temizleyici LAVANTA Kokulu
KG BR.
Fiyat
PROMY GENEL YÜZEY TEMİZLEYİCİ
BAHAR TAZELİĞİ PEMBE
Parfümlü Yüzey Temizleyici ÇİÇEK Kokulu
PROMY Professional AHŞAP TEMİZLEYİCİ
Ahşap Yüzey Temizleyici ve Parlatıcı
PROMY Professional SİLİKONLU TEMİZLEYİCİ
Silikonlu Genel ve Yüzey Çok Amaçlı Temizleyici
PROMY Professional CAM TEMİZLEYİCİ
Cam ve Parlak Yüzey Temizleyici
PROMY PROMET PR6 WC TEMİZLEYİCİ
Ağır Kirler için Parfümlü WC Temizleme Maddesi
PROMY Professional DUŞAMİN
Duşakabin Temizleyici
BD.468,61 ₺
P0220M20kg20,98 ₺419,59 ₺1BD.419,59 ₺
1.206,21 ₺1BD.1.206,21 ₺
P0220B20kg15,99 ₺319,90 ₺1BD.319,90 ₺
P182020kg46,89 ₺937,78 ₺1BD.937,78 ₺
kg
P09055kg27,98 ₺139,90 ₺4BD.559,61 ₺
P18750,75L77,79 ₺58,35 ₺12Şişe700,15 ₺
P44202060,31 ₺

3/13 Sayfa
P0305U5kg46,47 ₺232,34 ₺4BD.929,37 ₺
P04055kg33,50 ₺167,49 ₺4BD.669,96 ₺
P432020kg46,78 ₺935,68 ₺1BD.935,68 ₺
P43055kg51,68 ₺258,42 ₺4BD.1.033,69 ₺
P43750,75mL67,89 ₺50,92 ₺4BD.203,67 ₺
  Ürün Fiyat Listesi
KG BR.
Fiyat
Liste No:
2024/002
115,77 ₺
P1450G
Bidon BR.
Fiyat
0,5mL
0,5mL155,27 ₺
115,77 ₺
PROMY GALAXY SERIES ODA SPREYİ EARTH
Yoğun Parfümlü Oda ve Çamaşır Kokusu
P1405G5
FİYATLARIMIZA K.D.V. DAHİL DEĞİLDİR. 
Şişe931,64 ₺mL155,27 ₺77,64 ₺12
?
578,84 ₺
PROMY GALAXY SERIES ODA SPREYİ JUPITER
Yoğun Parfümlü Oda ve Çamaşır Kokusu
P1405O
Şişe
P1405K
931,64 ₺
77,64 ₺12Şişe931,64 ₺
578,84 ₺4BD.
12
4
77,64 ₺12Şişe
5L115,77 ₺578,84 ₺4
L
155,27 ₺
P1450M0,5mL155,27 ₺
P1405M5L115,77 ₺
5L
mL155,27 ₺
Çamaşır Hijyen Ürünleri
Ürün 
Görseli
Malın Cinsi
Açıklama
Ürün 
Kodu
Ambalaj
4BD.2.315,37 ₺
Tutar
KDV
Oranı
Koli İçi
20,00%
77,64 ₺12Şişe931,64 ₺
578,84 ₺
931,64 ₺
BD.2.315,37 ₺
P1450K
PROMY GALAXY SERIES ODA SPREYİ SATURN
Yoğun Parfümlü Oda ve Çamaşır Kokusu
2.315,37 ₺
77,64 ₺
PROMY GALAXY SERIES ODA SPREYİ MERCURY 
Yoğun Parfümlü Oda ve Çamaşır Kokusu
Resim
PROMY Professional YUMUŞATICI  
Yoğun Parfümlü Çamaşır Yumuşatıcı
PROMY Professional TEMİZLİK SÜTÜ
(Multi Purpose Cleaner)  
Genel Amaçlı Sıvı Kir ve Leke Sökücü
2.315,37 ₺
P1450P0,5
PROMY Professional ULTRA ÇAMAŞIR SUYU
Yoğun Kıvamlı ve Parfümlü Deterjan Katkılı Çamaşır Suyu
PROMY GALAXY SERIES ODA SPREYİ VENÜS
Yoğun Parfümlü Oda ve Çamaşır Kokusu
P1405P5L115,77 ₺578,84 ₺4BD.
BD.2.315,37 ₺
P1450O0,5
20kg41,37 ₺827,33 ₺1BD.827,33 ₺
P042020kg29,02 ₺580,35 ₺1BD.580,35 ₺
P0320U

4/13 Sayfa
U013030kg20,21 ₺606,23 ₺1BD.606,23 ₺
U012020kg21,87 ₺437,30 ₺1BD.437,30 ₺
U01055kg22,83 ₺114,14 ₺4BD.456,54 ₺
U01750,75kg33,95 ₺25,46 ₺15BD.381,88 ₺
U153030kg23,14 ₺694,33 ₺1BD.694,33 ₺
U152020kg25,86 ₺517,17 ₺1BD.517,17 ₺
U15055kg27,25 ₺136,26 ₺4BD.545,04 ₺
U123030kg26,12 ₺783,62 ₺1BD.783,62 ₺
U122020kg28,27 ₺565,38 ₺1BD.565,38 ₺
U12055kg29,52 ₺147,58 ₺4BD.590,30 ₺
U263030kg29,78 ₺893,47 ₺1BD.893,47 ₺
U262520kg32,82 ₺656,38 ₺1BD.656,38 ₺
U26055kg34,45 ₺172,25 ₺4BD.688,99 ₺
U513030kg19,61 ₺588,40 ₺1BD.588,40 ₺
U512020kg22,38 ₺447,58 ₺1BD.447,58 ₺
U51055kg23,73 ₺118,63 ₺4BD.474,53 ₺
U083030kg19,70 ₺591,06 ₺1
BD.591,06 ₺
U082020kg21,64 ₺432,80 ₺1BD.432,80 ₺
U08055kg22,69 ₺113,46 ₺4BD.453,86 ₺
U08750,75kg55,95 ₺41,97 ₺15Şişe629,49 ₺
U1030M30kg24,70 ₺740,95 ₺1BD.740,95 ₺
U1020M20kg26,90 ₺537,93 ₺1BD.537,93 ₺
U1005M5kg28,13 ₺140,67 ₺4BD.562,68 ₺
U103030kg15,02 ₺450,66 ₺1BD.450,66 ₺
U102020kg16,92 ₺338,42 ₺1BD.338,42 ₺
U10055kg17,87 ₺89,37 ₺4BD.357,49 ₺
U10011kg26,28 ₺26,28 ₺15Şişe394,23 ₺
U523030kg46,79 ₺1.403,77 ₺1BD.1.403,77 ₺
U522020kg49,70 ₺994,09 ₺1BD.994,09 ₺
U52055kg51,60 ₺258,01 ₺4BD.1.032,02 ₺
U21055Lt79,82 ₺399,09 ₺4BD.1.596,35 ₺
U21750,75mL112,42 ₺84,32 ₺15Şişe1.264,74 ₺
U533030kg46,75 ₺1.402,49 ₺1BD.1.402,49 ₺
U532020kg49,16 ₺
983,12 ₺1BD.983,12 ₺
U53055kg50,87 ₺254,36 ₺4BD.1.017,43 ₺
U53011kg60,58 ₺60,58 ₺15Şişe908,67 ₺
4BD.808,37 ₺
Uzman Sıvı Bulaşık Makine Deterjanı
MATİK
Bulaşık Makinası için Yıkama Maddesi
(TS 13773) 
Resim
Uzman Sıvı Bulaşık Makine Deterjanı
SERT SULAR MATİK
Bulaşık Makinesi için Yıkama Maddesi
(TS 13773) 
U1505S5kg
Uzman Paslanmaz Çelik Parlatıcı
Paslanmaz Çelik Temizleme ve Parlatma Maddesi
Uzman Lavabo Açıcı
Lavabo Açıcı
Resim
Uzman Bulaşık Makine
KİREÇ ÇÖZÜCÜ
Bulaşık Makineleri için Kireç ve Pas Sökücü
(
TS 13414) 
Uzman Kireç ve Pas Çözücü
Genel Amaçlı Kireç Çözücü
(TS 13414) 
40,42 ₺202,09 ₺
Uzman Metal Çizik Giderici
PORSİLEN
Porselenlerde Oluşan Metal İzlerini Temizleme Ürünü
BD.1.012,43 ₺
20kg48,77 ₺975,42 ₺1BD.
FİYATLARIMIZA K.D.V. DAHİL DEĞİLDİR. 
Resim
Uzman Sıvı Bulaşık Makine Durulama Maddesi
PARLATICI
Bulaşık Makinesi için Durulama Maddesi
(TS 13410) 
Uzman Hidro
BASTIRMA MADDESİ
Leke ve Nişaşta Çözücü
Uzman Meyve Sebze Durulama Maddesi
Meyve/Sebze için Klorlu Hijyenik Durulama Ürünü
Uzman Ağır Kir ve Yağ Çözücü
Köpüklü Ağır Kir ve Yağ Sökücü
(TS 13396) 
975,42 ₺
U1205S5kg50,62 ₺253,11 ₺4
20,00%
Uzman Ekstra Sıvı Bulaşık Deterjanı
Elde Sıvı Bulaşık Yıkama Maddesi
(TS 518)
Uzman Bulaşık Makine Durulama Maddesi
SERT SULAR PARLATICI
Bulaşık Makinesi için Durulama Maddesi (Sert Sular için)
(TS 13410) 
U1220S
U1520S20kg38,80 ₺776,07 ₺1BD.776,07 ₺
Tutar
Malın Cinsi
Açıklama
  Ürün Fiyat Listesi
Liste No:
2024/002
Mutfak Hijyen Ürünleri
Ürün 
Görseli
KDV
Oranı
Ürün 
Kodu
Ambalaj
KG BR.
Fiyat
Bidon BR.
Fiyat
Koli İçi

5/13 Sayfa
U173030kg30,03 ₺900,75 ₺1BD.900,75 ₺
U172020kg32,02 ₺640,40 ₺1BD.640,40 ₺
U17055kg33,28 ₺166,41 ₺4BD.665,64 ₺
U483030kg30,03 ₺900,75 ₺1BD.900,75 ₺
U482020kg32,02 ₺640,40 ₺1BD.640,40 ₺
U48055kg33,28 ₺166,41 ₺4BD.665,64 ₺
U48011kg44,27 ₺44,27 ₺15BD.664,01 ₺
U113030kg25,50 ₺764,93 ₺1BD.764,93 ₺
U112020kg27,49 ₺549,85 ₺1BD.549,85 ₺
U11055kg28,67 ₺143,36 ₺4BD.573,43 ₺
U11750,75mL59,79 ₺44,84 ₺20Şişe896,90 ₺
U11500,5mL70,93 ₺35,47 ₺24Şişe851,20 ₺
U093030kg13,26 ₺397,93 ₺1BD.397,93 ₺
U092020kg15,14 ₺302,71 ₺1BD.302,71 ₺
U09055kg16,05 ₺80,23 ₺4BD.320,94 ₺
U09500,5mL54,79 ₺27,39 ₺18Trigerli493,08 ₺
U073030kg17,59 ₺527,69 ₺1
BD.527,69 ₺
U072020kg19,67 ₺393,48 ₺1BD.393,48 ₺
U07055kg20,74 ₺103,70 ₺4BD.414,82 ₺
U07011kg27,64 ₺27,64 ₺15Şişe414,66 ₺
U253030kg19,99 ₺599,57 ₺1BD.599,57 ₺
U252020kg21,82 ₺436,40 ₺1BD.436,40 ₺
U25055kg22,84 ₺114,21 ₺4BD.456,82 ₺
U243030kg22,59 ₺677,67 ₺1BD.677,67 ₺
U242020kg24,65 ₺492,90 ₺1BD.492,90 ₺
U24055kg25,79 ₺128,97 ₺4BD.515,87 ₺
U0230P30kg13,33 ₺400,00 ₺1BD.400,00 ₺
U0220P20kg15,17 ₺303,38 ₺1BD.303,38 ₺
U0205P5kg16,07 ₺80,35 ₺4BD.321,39 ₺
U0230M30kg15,14 ₺454,17 ₺1BD.454,17 ₺
U0220M20kg16,90 ₺337,91 ₺1BD.337,91 ₺
U0205M5kg17,80 ₺89,00 ₺4BD.356,01 ₺
U0230P30kg17,86 ₺535,92 ₺1BD.535,92 ₺
U0220P20kg19,81 ₺
396,17 ₺1BD.396,17 ₺
U0205P5kg20,83 ₺104,15 ₺4BD.416,61 ₺
U0230Q30kg25,37 ₺761,06 ₺1BD.761,06 ₺
U0220Q20kg29,02 ₺580,39 ₺1BD.580,39 ₺
U0205Q5kg30,79 ₺153,94 ₺4BD.615,78 ₺
U37011,000gr43,50 ₺43,50 ₺24Şişe1.043,90 ₺
kg44,27 ₺44,27 ₺15BD.664,01 ₺
Uzman Ahşap Temizleyici
Ahşap Temizleme Maddesi
20,00%
4BD.326,08 ₺
Uzman Mekanik Ovma Tozu
OV
Mekanik Temizleme Tozu
(TS 4495 Tip 1: Toz) 
Uzman Genel Yüzey Temizleyici
LAVANTA KOKULU
Lavanta Parfümlü Yüzey Temizleyici
(TS 12039) 
Uzman Genel Yüzey Temizleyici (KIVAMLI)
FRESH
Çiçek Parfümlü Yüzey Temizleyici
(TS 12039) 
Resim
Uzman Sıvı Arap Sabunu
Sıvı Arap Sabunu
Uzman Mineralli Sıvı Krem
Mineralli Sıvı Krem Temizleyici
(TS 4495 Tip 2: Sıvı) 
U09750,75
Uzman Tuz Ruhu
Tuz Ruhu
Uzman QAC Bazlı HİJYENİK
Yüzey Temizleyici
QAC Bazlı Hijyenik Yüzey Temizleyici
1.304,32 ₺kg65,22 ₺
Uzman Cam Temizleyici
Cam Temizleme Maddesi
(TS 11636) 
Uzman Halı Yıkama Maddesi
Elde Halı Yıkama Şampuanı
Resim
Uzman Matik Halı Yıkama Maddesi
Makineler için Köpüğü Ayarlı Halı Yıkama Şampuanı
Resim
Uzman Genel Yüzey Temizleyici
ÇİÇEK KOKULU
Çiçek Parfümlü Yüzey Temizleyici
(TS 12039) 
Uzman Kuru Köpük Halı Şampuanı
Kuru Köpük Halı Şampuanu
U35055
Bidon BR.
Fiyat
Koli İçi
  Ürün Fiyat Listesi
Liste No:
2024/002
Genel Temizlik Hijyen Ürünleri
Ürün 
Görseli
FİYATLARIMIZA K.D.V. DAHİL DEĞİLDİR. 
KDV
Oranı
U17011
15Trigerli528,72 ₺mL47,00 ₺35,25 ₺
Malın Cinsi
Açıklama
Ürün 
Kodu
Ambalaj
KG BR.
Fiyat
Tutar

6/13 Sayfa
U183030kg18,88 ₺566,51 ₺1BD.566,51 ₺
U182020kg20,81 ₺416,17 ₺1BD.416,17 ₺
U18055kg21,84 ₺109,21 ₺4BD.436,84 ₺
U18252,5kg35,18 ₺87,94 ₺6BD.527,65 ₺
U18011,000mL44,87 ₺44,87 ₺15Şişe673,00 ₺
U552020kg51,51 ₺1.030,25 ₺1BD.1.030,25 ₺
U55055L53,16 ₺265,79 ₺4BD.1.063,15 ₺
U55750,75mL90,14 ₺67,61 ₺15Şişe1.014,13 ₺
U1475P0,75mL108,62 ₺81,46 ₺15Şişe1.221,96 ₺
U1450P0,5mL113,18 ₺56,59 ₺18Şişe1.018,66 ₺
0,75mL108,62 ₺81,46 ₺15Şişe1.221,96 ₺
0,5mL113,18 ₺56,59 ₺18Şişe1.018,66 ₺
0,75mL108,62 ₺81,46 ₺15Şişe1.221,96 ₺
0,5mL113,18 ₺56,59 ₺18Şişe1.018,66 ₺
0,75mL108,62 ₺81,46 ₺15Şişe1.221,96 ₺
0,5mL113,18 ₺56,59 ₺18Şişe1.018,66 ₺
U443030kg28,78 ₺863,30 ₺1BD.863,30 ₺
U442020kg30,82 ₺
616,47 ₺1BD.616,47 ₺
U44055kg32,08 ₺160,41 ₺4BD.641,63 ₺
U44011,000mL57,17 ₺57,17 ₺15Şişe857,53 ₺
U0530F30kg27,78 ₺833,42 ₺1BD.833,42 ₺
U0520F20kg29,81 ₺596,23 ₺1BD.596,23 ₺
U0505F5kg31,05 ₺155,23 ₺4BD.620,91 ₺
U053030kg25,11 ₺753,31 ₺1BD.753,31 ₺
U052020kg27,03 ₺540,53 ₺1BD.540,53 ₺
U05055kg28,17 ₺140,85 ₺4BD.563,42 ₺
U473030kg104,35 ₺3.130,54 ₺1BD.3.130,54 ₺
U472020kg107,75 ₺2.155,03 ₺1BD.2.155,03 ₺
U47055kg110,88 ₺554,38 ₺4BD.2.217,50 ₺
Uzman Motor ve Zift Temizleyici
Motor ve Zift Temizleyici
20,00%
Uzman WC Temizleyici
Tuvalet Temizleme Maddesi (KIVAMLI)
(TS 13411) 
20,00%
Ürün 
Görseli
Malın Cinsi
Açıklama
Uzman Fırçasız Oto Şampuanı
Fırçasız Oto Yıkama Şampuanı
Uzman Banyo Temizleyici
Banyo, Fayans ve Derz Temizleyici
(TS 13411) 
Uzman Oto Şampuanı
Oto Şampuanı
Araç Bakım Ürünleri
Ürün 
Kodu
Ambalaj
KG BR.
Fiyat
Bidon BR.
Fiyat
Koli İçiTutar
KDV
Oranı
373,02 ₺1BD.373,02 ₺
Uzman Köpük Kesici
Köpük Kesici
U31055kg74,60 ₺
BD.1.581,35 ₺
U1450Y
U1405Y5L79,07 ₺395,34 ₺4
FİYATLARIMIZA K.D.V. DAHİL DEĞİLDİR. 
Uzman Salon Spreyi
DAĞ ESİNTİSİ
Oda ve Çamaşır Spreyi [ YEŞİL ]
(TS 13757) 
Uzman Salon Spreyi
SPRİNG
Oda ve Çamaşır Spreyi [ SARI ]
(TS 13757) 
U1405S
U1405P5L79,07 ₺
Uzman Klima Temizleyici
Klimalar için Geliştirilmiş Özel Formüllü Temizleme Maddesi
BD.1.581,35 ₺
1.581,35 ₺
U1450S
5L79,07 ₺395,34 ₺4BD.
395,34 ₺
4BD.
Malın Cinsi
Açıklama
Ürün 
Kodu
Ambalaj
KG BR.
Fiyat
Bidon BR.
Fiyat
Koli İçi
  Ürün Fiyat Listesi
Liste No:
2024/002
Genel Temizlik Hijyen Ürünleri
Ürün 
Görseli
U1405M5L79,07 ₺395,34 ₺1.581,35 ₺
KDV
Oranı
Tutar
Uzman Salon Spreyi
KIR ÇİÇEĞİ
Oda ve Çamaşır Spreyi [ PEMBE ]
(TS 13757) 
Uzman Salon Spreyi
OKYANUS
Oda ve Çamaşır Spreyi [ MAVİ ]
(TS 13757) 
U1450M
4

7/13 Sayfa
U063030kg20,46 ₺613,85 ₺1BD.613,85 ₺
U062020kg19,74 ₺394,84 ₺1BD.394,84 ₺
U06055kg20,67 ₺103,33 ₺4BD.413,32 ₺
U06500,5L59,43 ₺29,71 ₺15BD.445,72 ₺
U0630ST30kg32,00 ₺960,02 ₺1BD.960,02 ₺
U0620ST20kg34,14 ₺682,71 ₺1BD.682,71 ₺
U0605ST5kg35,48 ₺177,42 ₺4BD.709,67 ₺
U060J4kg77,60 ₺310,40 ₺1Kova310,40 ₺
U0630K30kg20,54 ₺616,22 ₺1BD.616,22 ₺
U0620K20kg22,71 ₺454,17 ₺1BD.454,17 ₺
U0605K5kg23,86 ₺119,29 ₺4BD.477,18 ₺
U0601K1kg36,45 ₺36,45 ₺12BD.437,40 ₺
U423030kg32,17 ₺965,00 ₺1BD.965,00 ₺
U422020kg34,27 ₺685,36 ₺1BD.685,36 ₺
U42055kg35,61 ₺178,04 ₺4BD.712,14 ₺
U42400,4kg86,50 ₺34,60 ₺18BD.622,80 ₺
U413030kg21,16 ₺634,77 ₺1
BD.634,77 ₺
U412020kg23,30 ₺466,01 ₺1BD.466,01 ₺
U41055kg24,45 ₺122,26 ₺4BD.489,06 ₺
U223030kg40,57 ₺1.217,10 ₺1BD.1.217,10 ₺
U222020kg42,88 ₺857,56 ₺1BD.857,56 ₺
U22055kg44,44 ₺222,22 ₺4BD.888,89 ₺
U22400,4kg121,32 ₺48,53 ₺18BD.873,50 ₺
20,00%
U0605AK5L48,83 ₺244,16 ₺4Adet976,65 ₺
U0620AK20L43,57 ₺871,41 ₺1Adet871,41 ₺
Uzman Sıvı El Sabunu
Sıvı El Yıkama Maddesi
(TS 11885 Tip 1: Sıvı) 
Uzman Sanayi Tipi Sıvı El Sabunu
Ağır Yağlar için Mineralli El Temizleme Kremi
Resim
Uzman Saç Şampuanı
Saç Şampuanı
(TS 9676) 
Uzman Saç Kremi
Saç Kremi
Tutar
KDV
Oranı
KG BR.
Fiyat
Bidon BR.
Fiyat
Koli İçi
  Ürün Fiyat Listesi
Liste No:
2024/002
Kişisel Hijyen Ürünleri
Ürün 
Görseli
FİYATLARIMIZA K.D.V. DAHİL DEĞİLDİR. 
Ambalaj
Malın Cinsi
Açıklama
Ürün 
Kodu
20,00%
Uzman El Temizleme Kremi
Ağır Yağlar için Mineralli El Temizleme Kremi
Resim
Uzman FOAM Köpük El Sabunu
Köpük El Sabunu
(TS 11885 Tip 3: Köpük) 
Uzman Duş Jeli
Duş Jeli
Ürün 
Görseli
Malın Cinsi
Açıklama
Ürün 
Kodu
Ambalaj
KG BR.
Fiyat
Bidon BR.
Fiyat
Koli İçiTutar
KDV
Oranı
Antibakteriyel Köpük El Sabunu Ürünleri 
Uzman
ANTİBAKTERİYEL Köpük El Sabunu
Biyosidal Ürün Ruhsatlı [Ruhsat No: 2023/51]
(TS 11885 Tip 3: Köpük) 
U0601AK1L63,59 ₺63,59 ₺12Adet763,04 ₺

8/13 Sayfa
U043030kg20,62 ₺618,67 ₺1BD.618,67 ₺
U042020kg22,58 ₺451,50 ₺1BD.451,50 ₺
U0330U30kg16,76 ₺502,77 ₺1BD.502,77 ₺
U0320U20kg18,65 ₺373,00 ₺1BD.373,00 ₺
U0305U5kg19,63 ₺98,16 ₺4BD.392,64 ₺
U0301U1,000mL43,54 ₺43,54 ₺15Şişe653,05 ₺
U033030kg12,22 ₺366,71 ₺1BD.366,71 ₺
U032020kg14,08 ₺281,56 ₺1BD.281,56 ₺
U03055kg15,61 ₺78,07 ₺4BD.312,30 ₺
U03011,000mL23,00 ₺23,00 ₺15Şişe344,95 ₺
U343030kg27,71 ₺831,41 ₺1BD.831,41 ₺
U342020kg29,85 ₺597,03 ₺1BD.597,03 ₺
U34055kg31,12 ₺155,61 ₺4BD.622,46 ₺
U333030kg34,74 ₺1.042,09 ₺1BD.1.042,09 ₺
U332020kg36,81 ₺736,13 ₺1BD.736,13 ₺
U33055kg38,18 ₺190,91 ₺4Şişe763,63 ₺
U433030kg31,58 ₺947,50 ₺1
BD.947,50 ₺
U432020kg33,68 ₺673,51 ₺1BD.673,51 ₺
U43055kg35,00 ₺175,00 ₺4Şişe700,01 ₺
Resim
Uzman Ultra Çamaşır Suyu
Deterjan Katkılı Klorlu Ağartıcı
(TS 5682) 
kg23,65 ₺118,25 ₺4BD.473,00 ₺
Kova
Kova1.051,19 ₺
473,17 ₺
529,28 ₺1
1Kova938,97 ₺
U201010kg126,10 ₺1.260,96 ₺
473,17 ₺1
U292020kg46,95 ₺938,97 ₺
U291010kg47,32 ₺
Uzman Tül Beyazlatıcı
Düşük Isılarda Etkili Tül Beyazlatıcı
kg52,93 ₺Kova529,28 ₺
10
FİYATLARIMIZA K.D.V. DAHİL DEĞİLDİR. 
753,71 ₺1Kova753,71 ₺
U161010
U3910
20,00%
1Kova1.260,96 ₺
Uzman Leke Çözücü
Sıvı Kir ve Leke Sökücü
Uzman Çamaşır Yumuşatıcı
Çamaşır Yumuşatıcı Maddesi
(TS 13274) 
U04055
kg75,37 ₺
U162020kg52,56 ₺1.051,19 ₺1
Uzman Çamaşır Suyu
Çamaşır Suyu Klorlu Ağartıcı
(TS 5682) 
Uzman Oksijenli Ağartıcı
Sıvı Oksijen Bazlı Ağartıcı
Uzman Toz Kireç Önleyici
Toz Kireç Önleyici
Uzman Temizlik Sütü
(Multi Purpose Cleaner)
Genel Amaçlı Sıvı Kir ve Leke Sökücü
Uzman Ağır Kir ve Kan Sökücü
Yağ Kir ve Kan Sökücü
Uzman Oksijenli Toz Ağartıcı
Oksijen Bazlı Toz Ağartıcı
  Ürün Fiyat Listesi
Liste No:
2024/002
Çamaşır Hijyen Ürünler
Ürün 
Görseli
Tutar
KDV
Oranı
Malın Cinsi
Açıklama
Ürün 
Kodu
Ambalaj
KG BR.
Fiyat
Bidon BR.
Fiyat
Koli İçi

9/13 Sayfa
U0230Q30kg25,37 ₺761,06 ₺1BD.761,06 ₺
U0220Q20kg29,02 ₺580,39 ₺1BD.580,39 ₺
U583030kg37,64 ₺1.129,33 ₺1BD.1.129,33 ₺
U582020kg40,05 ₺800,99 ₺1BD.800,99 ₺
U58055kg41,60 ₺207,99 ₺4BD.831,95 ₺
U593030kg38,60 ₺1.157,90 ₺1BD.1.157,90 ₺
U592020kg40,98 ₺819,62 ₺1BD.819,62 ₺
U59055kg42,54 ₺212,70 ₺4BD.850,78 ₺
U5830K30kg35,39 ₺1.061,75 ₺1BD.1.061,75 ₺
U5820K20kg37,76 ₺755,22 ₺1BD.755,22 ₺
U5805K5kg39,25 ₺196,27 ₺4BD.785,10 ₺
U5930K30kg38,06 ₺1.141,91 ₺1BD.1.141,91 ₺
U5920K20kg40,40 ₺808,07 ₺1BD.808,07 ₺
U5905K5kg41,94 ₺209,68 ₺4BD.838,72 ₺
U603030kg28,87 ₺866,05 ₺1BD.866,05 ₺
U602020kg31,42 ₺628,43 ₺1BD.628,43 ₺
U60055kg32,86 ₺164,31 ₺4
BD.657,25 ₺
U613030kg41,97 ₺1.259,06 ₺1BD.1.259,06 ₺
U612020kg44,41 ₺888,14 ₺1BD.888,14 ₺
U61055kg46,05 ₺230,23 ₺4BD.920,92 ₺
U623030kg44,42 ₺1.332,65 ₺1BD.1.332,65 ₺
U622020kg46,83 ₺936,54 ₺1BD.936,54 ₺
U62055kg48,50 ₺242,50 ₺4BD.969,99 ₺
U633030kg28,20 ₺846,01 ₺1BD.846,01 ₺
U632020kg30,45 ₺609,09 ₺1BD.609,09 ₺
U63055kg31,78 ₺158,88 ₺4BD.635,52 ₺
U643030kg42,25 ₺1.267,65 ₺1BD.1.267,65 ₺
U642020kg44,63 ₺892,51 ₺1BD.892,51 ₺
U64055kg46,25 ₺231,23 ₺4BD.924,92 ₺
U653030kg21,18 ₺635,48 ₺1BD.635,48 ₺
U652020kg23,83 ₺476,59 ₺1BD.476,59 ₺
U65055kg25,16 ₺125,82 ₺4BD.503,26 ₺
U663030kg58,61 ₺1.758,19 ₺1BD.1.758,19 ₺
U662020kg61,42 ₺
1.228,38 ₺1BD.1.228,38 ₺
U66055kg63,50 ₺317,48 ₺4BD.1.269,92 ₺
Uzman QAC Bazlı Hijyenik Yüzey Temizleyici 
QAC Bazlı Hijyenik Yüzey Temizleyici
Resim
Uzman Çamaşırlar için Kireç ve Pas Sökücü
Sanayi Tipi Çamaşır Makineleri için tasarlanmış, Çamaşırlar için
Kireç ve Pas Sökücü
20,00%
Uzman Sanayi Tipi Çamaşır Nötralize Edici
Sanayi Tipi Çamaşır Makineleri için
Nötralize Edici Son Durulama Maddesi
Uzman Sanayi Tipi Klor Bazlı Ağartıcı
Sanayi Tipi Çamaşır Makineleri için
Klor Bazlı Ağartıcı ve Leke Çıkarıcı Sıvı Yardımcı Yıkama Maddesi
Uzman Sanayi Tipi Ağır Kir Yağ ve Kan Sökücü
Sanayi Tipi Çamaşır Makineleri için
Ağır Kir Yağ ve Kan Sökücü Sıvı Yardımcı Yıkama Maddesi
Uzman Sanayi Tipi Çamaşır Yumuşatıcı
Sanayi Tipi Çamaşır Makineleri için
Kıvamsız Çamaşır Yumuşatma Maddesi
Uzman Sanayi Tipi Ana Yıkama Sıvı Çamaşır Deterjanı
Sanayi Tipi Çamaşır Makineleri için
Köpüğü Ayarlı Enzim Katkılı Ana Yıkama Maddesi
Sanayi Tipi Sıvı Çamaşır Grubu Hijyen Ürünleri
Ürün 
Görseli
Malın Cinsi
Açıklama
Ürün 
Kodu
Ambalaj
KG BR.
Fiyat
Bidon BR.
Fiyat
Koli İçiTutar
KDV
Oranı
Uzman Sanayi Tipi Oksijen Bazlı Ağartıcı 
Sanayi Tipi Çamaşır Makineleri için
Oksijenli Ağartıcı ve Leke Çıkarıcı Sıvı Yardımcı Yıkama Maddesi
Uzman Alkali Klorlu Köpüklü Temizlik Maddesi
Zemin ve Yüzeyler için Alkali Klorlu Köpüklü Temizlik Maddesi
Uzman Asidik Köpüklü Temizlik Maddesi
Zemin ve Yüzeyler için Asidik Köpüklü Temizlik Maddesi
20,00%
FİYATLARIMIZA K.D.V. DAHİL DEĞİLDİR. 
Tutar
KDV
Oranı
Malın Cinsi
Açıklama
Ürün 
Kodu
Ambalaj
KG BR.
Fiyat
Bidon BR.
Fiyat
Koli İçi
Uzman C.I.P. Alkali Klorlu Temizlik Maddesi
Kapalı Sistemler için Alkali Klorlu Temizlik Maddesi
Uzman C.I.P. Asidik Temizlik Maddesi
Kapalı Sistemler için Özel Asidik Temizlik Maddesi
  Ürün Fiyat Listesi
Liste No:
2024/002
Gıda Tesisleri için Temizlik ve Hijyen Ürünleri
Ürün 
Görseli
U0205Q5kg30,79 ₺153,94 ₺1BD.153,94 ₺

10/13 Sayfa
U1330P30kg1BD.
U1320P20kg1BD.
U1330K30kg1BD.
U1320K20kg1BD.
U1305K5kg4BD.
U283030kg26,59 ₺797,75 ₺1BD.797,75 ₺
U282020kg28,60 ₺572,07 ₺1BD.572,07 ₺
U28055kg29,81 ₺149,05 ₺4BD.596,18 ₺
U193030kg24,10 ₺723,14 ₺1BD.723,14 ₺
U192020kg26,15 ₺522,98 ₺1BD.522,98 ₺
U19055kg27,32 ₺136,60 ₺4BD.546,41 ₺
U383030kg21,48 ₺644,49 ₺1BD.644,49 ₺
U382020kg23,52 ₺470,43 ₺1BD.470,43 ₺
U38055kg24,64 ₺123,22 ₺4BD.492,86 ₺
U3830Y30kg40,80 ₺1.223,96 ₺1BD.1.223,96 ₺
U3820Y20kg43,11 ₺862,20 ₺1BD.862,20 ₺
U3805Y5kg44,68 ₺223,41 ₺4BD.893,65 ₺
U0230Y30kg33,69 ₺1.010,56 ₺1BD.1.010,56 ₺
U0220Y20kg35,81 ₺716,22 ₺1BD.716,22 ₺
U0205Y5kg37,19 ₺185,93 ₺4BD.743,73 ₺
U563030kg31,20 ₺936,11 ₺1BD.936,11 ₺
U562020kg33,40 ₺667,96 ₺1BD.667,96 ₺
U56055kg34,75 ₺173,76 ₺4BD.695,05 ₺
U453030kg33,66 ₺1.009,94 ₺1BD.1.009,94 ₺
U452020kg35,79 ₺715,80 ₺1BD.715,80 ₺
U45055kg37,17 ₺185,83 ₺4BD.743,30 ₺
Uzman POLİMER CİLA
Polimer Zemin Cilası
U1305P5kg4BD.
1BD.954,80 ₺
1.357,47 ₺1BD.1.357,47 ₺
20,00%
Uzman Buz Çözücü
Zeminler için Buz Önleyici ve Çözücü
Resim
Uzman Toz Toplama Maddesi
Toz Toplama Maddesi
U36055kg228,04 ₺1.140,19 ₺
Resim
Uzman KRİSTALİZE CİLA 
Kristalize Zemin Cilası
Uzman Kir ve Cila Sökücü
Kir ve Cila Sökücü
Resim
U572020kg47,74 ₺954,80 ₺
Tutar
Malın Cinsi
Açıklama
Ürün 
Kodu
Ambalaj
KG BR.
Fiyat
Bidon BR.
Fiyat
Koli İçi
Uzman Cila Bakım Maddesi
Cilalı Yüzeyler için Bakım Maddesi
Resim
Uzman
Yüzeyler için Ağır Kir ve Yağ Temizleme Maddesi
 Ağır Kir ve Yağlı Yüzeyler için Temizleme Maddesi
4BD.4.560,74 ₺
Uzman Çimento Çözücü
CEMENT REMOVER
Çimento Kalıntısı olan Yüzeyler için Temizleme Maddesi
KDV
Oranı
U573030kg45,25 ₺
Uzman Konteyner Temizleme Maddesi
(Özel Alkali Genel Yüzey Temizleyici)
Çöp Konteynerleri, Açık Alanlar, Zemin Duvar gibi 
Ağır Kir ve Yağlı Yüzey için Temizleme Maddesi
Uzman
Otomatlar için Ağır Kir ve Yağ Temizleme Maddesi
Otomatlar için Ağır Kir ve Yağ Temizleme Maddesi
FİYATLARIMIZA K.D.V. DAHİL DEĞİLDİR. 
  Ürün Fiyat Listesi
Liste No:
2024/002
Zemin Temizleme ve Bakım Ürünleri
Ürün 
Görseli
Uzman Otomat Genel Temizlik Maddesi
Otomatlar için Genel Temizleme ve Bakım Maddesi     

11/13 Sayfa
1Lt
20,00%
Uzman SIVI BULAŞIK DETERJANI
Konsantre
(TS 518) 
K1401Lt230,89 ₺
241,92 ₺241,92 ₺12BD.2.903,02 ₺
282,44 ₺12BD.3.389,26 ₺
12BD.
282,44 ₺
Uzman Bulaşık Makine DETERJANI Konsantre                          
(TS 13773) 
12BD.
230,89 ₺12BD.2.770,71 ₺
1.935,56 ₺
Uzman KÖPÜK SABUN Konsantre
(TS 11885 Tip 3: Köpük) 
2.962,30 ₺
4.338,30 ₺
Uzman AĞIR KİR ve YAĞ Temizleme Maddesi
Konsantre
(TS 13396) 
K1571Lt
12BD.4.902,99 ₺
Uzman BANYO - LAVABO - WC Temizleyici Konsantre             
(TS 13411) 
K188
2.202,97 ₺
K1261Lt
Lt1183,58 ₺183,58 ₺
2.121,26 ₺
12BD.
1Lt408,58 ₺408,58 ₺
Uzman CAM Temizleme Maddesi Konsantre                         
(TS 11636) 
K1951Lt161,30 ₺161,30 ₺
361,53 ₺Lt361,53 ₺
K1641Lt246,86 ₺246,86 ₺
K1711
Uzman Genel Yüzey Temizleyici Konsantre
LAVANTA
(TS 12039) 
K133
Uzman Bulaşık Makine PARLATICISI Konsantre                      
(TS 13410) 
K138
FİYATLARIMIZA K.D.V. DAHİL DEĞİLDİR. 
12BD.
176,77 ₺176,77 ₺12BD.
KDV
Oranı
Uzman Genel Yüzey Temizleyici Konsantre
FRESH
(TS 12039) 
Konsantre Ürünleri
Ürün 
Görseli
Malın Cinsi
Açıklama
Ürün 
Kodu
  Ürün Fiyat Listesi
Liste No:
2024/002
Ambalaj
KG BR.
Fiyat
Bidon BR.
Fiyat
Koli İçiTutar

PE013030kg15,39 ₺461,59 ₺1BD.461,59 ₺
PE012020kg16,97 ₺339,33 ₺1BD.339,33 ₺
PE01055kg17,81 ₺89,06 ₺4BD.356,26 ₺
PE153030kg16,47 ₺493,98 ₺1BD.493,98 ₺
PE152020kg18,75 ₺374,97 ₺1BD.374,97 ₺
PE123030kg18,46 ₺553,86 ₺1BD.553,86 ₺
PE122020kg20,45 ₺409,04 ₺1BD.409,04 ₺
PE083030kg13,30 ₺398,96 ₺1BD.398,96 ₺
PE082020kg15,57 ₺311,34 ₺1BD.311,34 ₺
PE08055kg16,62 ₺83,10 ₺4BD.332,42 ₺
PE103030kg12,65 ₺379,47 ₺1BD.379,47 ₺
PE102020kg14,37 ₺287,32 ₺1BD.287,32 ₺
PE10055kg15,21 ₺76,06 ₺4BD.304,22 ₺
PE063030kg15,53 ₺466,02 ₺1BD.466,02 ₺
PE062020kg17,22 ₺344,50 ₺1BD.344,50 ₺
PE06055kg18,11 ₺90,57 ₺4BD.362,27 ₺
PE0630K30kg15,74 ₺472,18 ₺1
BD.472,18 ₺
PE0620K20kg17,61 ₺352,27 ₺1BD.352,27 ₺
PE0605K5kg18,57 ₺92,86 ₺4BD.371,43 ₺
PE0230F30kg10,33 ₺309,82 ₺1BD.309,82 ₺
PE0220F20kg12,12 ₺242,30 ₺1BD.242,30 ₺
PE0205F5kg12,94 ₺64,72 ₺4BD.258,86 ₺
PE0230L30kg12,32 ₺369,58 ₺1BD.369,58 ₺
PE0220L20kg14,07 ₺281,34 ₺1BD.281,34 ₺
PE0205L5kg14,92 ₺74,58 ₺4BD.298,34 ₺
PE033030kg9,32 ₺279,73 ₺1BD.279,73 ₺
PE032020kg10,92 ₺218,32 ₺1BD.218,32 ₺
PE03055kg11,66 ₺58,28 ₺4BD.233,11 ₺
PE073030kg13,50 ₺405,07 ₺1BD.405,07 ₺
PE072020kg15,52 ₺310,42 ₺1BD.310,42 ₺
PE07055kg16,49 ₺82,45 ₺4BD.329,80 ₺
PE093030kg10,44 ₺313,33 ₺1BD.313,33 ₺
PE092020kg12,13 ₺242,52 ₺1BD.242,52 ₺
PE09055kg12,92 ₺
64,59 ₺4BD.258,36 ₺
PE113030kg23,18 ₺695,39 ₺1BD.695,39 ₺
PE112020kg24,99 ₺499,86 ₺1BD.499,86 ₺
PE11055kg26,07 ₺130,33 ₺4BD.521,30 ₺
PE1320P20kg1BD.
PE1305P5kg4BD.
PE14055kg49,74 ₺248,72 ₺4BD.994,89 ₺
Penguen SALON SPREY
Salon Sprey
20,00%
FİYATLARIMIZA K.D.V. DAHİL DEĞİLDİR. 
18,43 ₺92,16 ₺4BD.368,64 ₺
Penguen OTO CAM TEMİZLEYİCİ
ANTİFİRİZLİ
Oto Cam Temizleme (-30 Derece)
Penguen POLİMER CİLA
Polimer Cila
PE54055kg
Penguen TUZ RUHU
Tuz Ruhu
Penguen CAM TEMİZLEME MADDESİ
Cam Temizleme Maddesi
Penguen MİNERALLİ SIVI KREM
Mineralli Sıvı Krem Temizleyici
Penguen SIVI MATİK
Bulaşık Makinesi Deterjanı
Penguen RİNSE
Bulaşık Makinesi Parlatıcısı
Penguen AĞIR KİR ve YAĞ TEMİZLEME MADDESİ
Kir ve Yağ Sökücü
Penguen KİREÇ ve PAS SÖKÜCÜ
Genel Amaçlı Kir ve Pas Sökücü
Resim
Penguen SIVI EL SABUNU
Sıvı El Yıkama Maddesi
Resim
Penguen FOAM KÖPÜK EL SABUNU 
Köpük El Sabunu
Penguen GENEL TEMİZLEYİCİ
FRESH
Parfümlü Yüzey Temizleyici (ÇİÇEK KOKULU)
Penguen GENEL TEMİZLEYİCİ
LAVANTA
Parfümlü Yüzey Temizleyici (LAVANTA)
Penguen ÇAMAŞIR SUYU
Çamaşır Suyu Klorlu Ağartıcı
20,00%
Ürün 
Görseli
Malın Cinsi
Açıklama
Ürün 
Kodu
Ambalaj
KG BR.
Fiyat
Bidon BR.
Fiyat
Koli İçiTutar
KDV
Oranı
Penguen Ekstra  SIVI BULAŞIK DETERJANI
Sıvı Bulaşık Yıkama Maddesi
Genel ve Kişisel Hijyen Ürünleri
  Ürün Fiyat Listesi
Liste No:
2024/002
Mutfak Hijyen Ürünleri
Ürün 
Görseli
Malın Cinsi
Açıklama
Ürün 
Kodu
Ambalaj
KG BR.
Fiyat
Bidon BR.
Fiyat
Koli İçiTutar
KDV
Oranı
12/13 Sayfa

13/13 Sayfa
20,00%
Penguen BioNaturel
HIZLI LEKE SÖKÜCÜ 100mL
Tüm Yüzeyler için Hızlı Leke Sökücü
PBN021000,100L300,62 ₺30,06 ₺120Adet3.607,44 ₺
Ürünleri
Ürün 
Görseli
Malın Cinsi
Açıklama
Ürün 
Kodu
Ambalaj
KG BR.
Fiyat
Bidon BR.
Fiyat
Koli İçiTutar
KDV
Oranı
Penguen BioNaturel
HIZLI LEKE SÖKÜCÜ 1000mL
Tüm Yüzeyler için Hızlı Leke Sökücü
PBN02011L74,32 ₺74,32 ₺12Adet891,80 ₺
FİYATLARIMIZA K.D.V. DAHİL DEĞİLDİR. 
  Ürün Fiyat Listesi
Liste No:
2024 / 002